<?xml version="1.0" encoding="UTF-8"?>
<testsuite xmlns:xsi="http://www.w3.org/2001/XMLSchema-instance" xsi:noNamespaceSchemaLocation="https://maven.apache.org/surefire/maven-surefire-plugin/xsd/surefire-test-report-3.0.xsd" version="3.0" name="TestSuite" time="3.987" tests="50" errors="0" skipped="49" failures="1">
  <properties>
[...]
</properties>
  <testcase name="initDriver" classname="com.vyasa.tests.DataDrivenTest" time="3.051">
    <failure message="session not created: This version of ChromeDriver only supports Chrome version 114&#10;Current browser version is 118.0.5993.71 with binary path C:\Program Files\Google\Chrome\Application\chrome.exe&#10;Build info: version: &apos;3.141.59&apos;, revision: &apos;e82be7d358&apos;, time: &apos;2018-11-14T08:17:03&apos;&#10;System info: host: &apos;SURAJ-DB22&apos;, ip: &apos;192.168.1.188&apos;, os.name: &apos;Windows 11&apos;, os.arch: &apos;amd64&apos;, os.version: &apos;10.0&apos;, java.version: &apos;17.0.8&apos;&#10;Driver info: driver.version: ChromeDriver&#10;remote stacktrace: Backtrace:&#10;	GetHandleVerifier [0x0119A813+48355]&#10;	(No symbol) [0x0112C4B1]&#10;	(No symbol) [0x01035358]&#10;	(No symbol) [0x010561AC]&#10;	(No symbol) [0x01051EF3]&#10;	(No symbol) [0x01050579]&#10;	(No symbol) [0x01080C55]&#10;	(No symbol) [0x0108093C]&#10;	(No symbol) [0x0107A536]&#10;	(No symbol) [0x010582DC]&#10;	(No symbol) [0x010593DD]&#10;	GetHandleVerifier [0x013FAABD+2539405]&#10;	GetHandleVerifier [0x0143A78F+2800735]&#10;	GetHandleVerifier [0x0143456C+2775612]&#10;	GetHandleVerifier [0x012251E0+616112]&#10;	(No symbol) [0x01135F8C]&#10;	(No symbol) [0x01132328]&#10;	(No symbol) [0x0113240B]&#10;	(No symbol) [0x01124FF7]&#10;	BaseThreadInitThunk [0x76707BA9+25]&#10;	RtlInitializeExceptionChain [0x7741B79B+107]&#10;	RtlClearBits [0x7741B71F+191]&#10;" type="org.openqa.selenium.SessionNotCreatedException"><![CDATA[org.openqa.selenium.SessionNotCreatedException: 
session not created: This version of ChromeDriver only supports Chrome version 114
Current browser version is 118.0.5993.71 with binary path C:\Program Files\Google\Chrome\Application\chrome.exe
Build info: version: '3.141.59', revision: 'e82be7d358', time: '2018-11-14T08:17:03'
System info: host: 'SURAJ-DB22', ip: '192.168.1.188', os.name: 'Windows 11', os.arch: 'amd64', os.version: '10.0', java.version: '17.0.8'
Driver info: driver.version: ChromeDriver
remote stacktrace: Backtrace:
	GetHandleVerifier [0x0119A813+48355]
	(No symbol) [0x0112C4B1]
	(No symbol) [0x01035358]
	(No symbol) [0x010561AC]
	(No symbol) [0x01051EF3]
	(No symbol) [0x01050579]
	(No symbol) [0x01080C55]
	(No symbol) [0x0108093C]
	(No symbol) [0x0107A536]
	(No symbol) [0x010582DC]
	(No symbol) [0x010593DD]
	GetHandleVerifier [0x013FAABD+2539405]
	GetHandleVerifier [0x0143A78F+2800735]
	GetHandleVerifier [0x0143456C+2775612]
	GetHandleVerifier [0x012251E0+616112]
	(No symbol) [0x01135F8C]
	(No symbol) [0x01132328]
	(No symbol) [0x0113240B]
	(No symbol) [0x01124FF7]
	BaseThreadInitThunk [0x76707BA9+25]
	RtlInitializeExceptionChain [0x7741B79B+107]
	RtlClearBits [0x7741B71F+191]

]]></failure>
    <system-err><![CDATA[Starting ChromeDriver 114.0.5735.90 (386bc09e8f4f2e025eddae123f36f6263096ae49-refs/branch-heads/5735@{#1052}) on port 19558
Only local connections are allowed.
Please see https://chromedriver.chromium.org/security-considerations for suggestions on keeping ChromeDriver safe.
ChromeDriver was started successfully.
]]></system-err>
  </testcase>
  <testcase name="setupExtentEnv" classname="com.vyasa.tests.DataDrivenTest" time="0">
    <skipped/>
  </testcase>
  <testcase name="openBrowser" classname="com.vyasa.tests.DataDrivenTest" time="0">
    <skipped/>
  </testcase>
  <testcase name="register" classname="com.vyasa.tests.DataDrivenTest" time="0">
    <skipped/>
  </testcase>
  <testcase name="register" classname="com.vyasa.tests.DataDrivenTest" time="0">
    <skipped/>
  </testcase>
  <testcase name="register" classname="com.vyasa.tests.DataDrivenTest" time="0">
    <skipped/>
  </testcase>
  <testcase name="register" classname="com.vyasa.tests.DataDrivenTest" time="0">
    <skipped/>
  </testcase>
  <testcase name="register" classname="com.vyasa.tests.DataDrivenTest" time="0">
    <skipped/>
  </testcase>
  <testcase name="register" classname="com.vyasa.tests.DataDrivenTest" time="0">
    <skipped/>
  </testcase>
  <testcase name="loginform" classname="com.vyasa.tests.DataDrivenTest" time="0">
    <skipped message="session not created: This version of ChromeDriver only supports Chrome version 114&#10;Current browser version is 118.0.5993.71 with binary path C:\Program Files\Google\Chrome\Application\chrome.exe&#10;Build info: version: &apos;3.141.59&apos;, revision: &apos;e82be7d358&apos;, time: &apos;2018-11-14T08:17:03&apos;&#10;System info: host: &apos;SURAJ-DB22&apos;, ip: &apos;192.168.1.188&apos;, os.name: &apos;Windows 11&apos;, os.arch: &apos;amd64&apos;, os.version: &apos;10.0&apos;, java.version: &apos;17.0.8&apos;&#10;Driver info: driver.version: ChromeDriver&#10;remote stacktrace: Backtrace:&#10;	GetHandleVerifier [0x0119A813+48355]&#10;	(No symbol) [0x0112C4B1]&#10;	(No symbol) [0x01035358]&#10;	(No symbol) [0x010561AC]&#10;	(No symbol) [0x01051EF3]&#10;	(No symbol) [0x01050579]&#10;	(No symbol) [0x01080C55]&#10;	(No symbol) [0x0108093C]&#10;	(No symbol) [0x0107A536]&#10;	(No symbol) [0x010582DC]&#10;	(No symbol) [0x010593DD]&#10;	GetHandleVerifier [0x013FAABD+2539405]&#10;	GetHandleVerifier [0x0143A78F+2800735]&#10;	GetHandleVerifier [0x0143456C+2775612]&#10;	GetHandleVerifier [0x012251E0+616112]&#10;	(No symbol) [0x01135F8C]&#10;	(No symbol) [0x01132328]&#10;	(No symbol) [0x0113240B]&#10;	(No symbol) [0x01124FF7]&#10;	BaseThreadInitThunk [0x76707BA9+25]&#10;	RtlInitializeExceptionChain [0x7741B79B+107]&#10;	RtlClearBits [0x7741B71F+191]&#10;"/>
  </testcase>
  <testcase name="loginform" classname="com.vyasa.tests.DataDrivenTest" time="0">
    <skipped message="session not created: This version of ChromeDriver only supports Chrome version 114&#10;Current browser version is 118.0.5993.71 with binary path C:\Program Files\Google\Chrome\Application\chrome.exe&#10;Build info: version: &apos;3.141.59&apos;, revision: &apos;e82be7d358&apos;, time: &apos;2018-11-14T08:17:03&apos;&#10;System info: host: &apos;SURAJ-DB22&apos;, ip: &apos;192.168.1.188&apos;, os.name: &apos;Windows 11&apos;, os.arch: &apos;amd64&apos;, os.version: &apos;10.0&apos;, java.version: &apos;17.0.8&apos;&#10;Driver info: driver.version: ChromeDriver&#10;remote stacktrace: Backtrace:&#10;	GetHandleVerifier [0x0119A813+48355]&#10;	(No symbol) [0x0112C4B1]&#10;	(No symbol) [0x01035358]&#10;	(No symbol) [0x010561AC]&#10;	(No symbol) [0x01051EF3]&#10;	(No symbol) [0x01050579]&#10;	(No symbol) [0x01080C55]&#10;	(No symbol) [0x0108093C]&#10;	(No symbol) [0x0107A536]&#10;	(No symbol) [0x010582DC]&#10;	(No symbol) [0x010593DD]&#10;	GetHandleVerifier [0x013FAABD+2539405]&#10;	GetHandleVerifier [0x0143A78F+2800735]&#10;	GetHandleVerifier [0x0143456C+2775612]&#10;	GetHandleVerifier [0x012251E0+616112]&#10;	(No symbol) [0x01135F8C]&#10;	(No symbol) [0x01132328]&#10;	(No symbol) [0x0113240B]&#10;	(No symbol) [0x01124FF7]&#10;	BaseThreadInitThunk [0x76707BA9+25]&#10;	RtlInitializeExceptionChain [0x7741B79B+107]&#10;	RtlClearBits [0x7741B71F+191]&#10;"/>
  </testcase>
  <testcase name="loginform" classname="com.vyasa.tests.DataDrivenTest" time="0">
    <skipped message="session not created: This version of ChromeDriver only supports Chrome version 114&#10;Current browser version is 118.0.5993.71 with binary path C:\Program Files\Google\Chrome\Application\chrome.exe&#10;Build info: version: &apos;3.141.59&apos;, revision: &apos;e82be7d358&apos;, time: &apos;2018-11-14T08:17:03&apos;&#10;System info: host: &apos;SURAJ-DB22&apos;, ip: &apos;192.168.1.188&apos;, os.name: &apos;Windows 11&apos;, os.arch: &apos;amd64&apos;, os.version: &apos;10.0&apos;, java.version: &apos;17.0.8&apos;&#10;Driver info: driver.version: ChromeDriver&#10;remote stacktrace: Backtrace:&#10;	GetHandleVerifier [0x0119A813+48355]&#10;	(No symbol) [0x0112C4B1]&#10;	(No symbol) [0x01035358]&#10;	(No symbol) [0x010561AC]&#10;	(No symbol) [0x01051EF3]&#10;	(No symbol) [0x01050579]&#10;	(No symbol) [0x01080C55]&#10;	(No symbol) [0x0108093C]&#10;	(No symbol) [0x0107A536]&#10;	(No symbol) [0x010582DC]&#10;	(No symbol) [0x010593DD]&#10;	GetHandleVerifier [0x013FAABD+2539405]&#10;	GetHandleVerifier [0x0143A78F+2800735]&#10;	GetHandleVerifier [0x0143456C+2775612]&#10;	GetHandleVerifier [0x012251E0+616112]&#10;	(No symbol) [0x01135F8C]&#10;	(No symbol) [0x01132328]&#10;	(No symbol) [0x0113240B]&#10;	(No symbol) [0x01124FF7]&#10;	BaseThreadInitThunk [0x76707BA9+25]&#10;	RtlInitializeExceptionChain [0x7741B79B+107]&#10;	RtlClearBits [0x7741B71F+191]&#10;"/>
  </testcase>
  <testcase name="loginform" classname="com.vyasa.tests.DataDrivenTest" time="0">
    <skipped message="session not created: This version of ChromeDriver only supports Chrome version 114&#10;Current browser version is 118.0.5993.71 with binary path C:\Program Files\Google\Chrome\Application\chrome.exe&#10;Build info: version: &apos;3.141.59&apos;, revision: &apos;e82be7d358&apos;, time: &apos;2018-11-14T08:17:03&apos;&#10;System info: host: &apos;SURAJ-DB22&apos;, ip: &apos;192.168.1.188&apos;, os.name: &apos;Windows 11&apos;, os.arch: &apos;amd64&apos;, os.version: &apos;10.0&apos;, java.version: &apos;17.0.8&apos;&#10;Driver info: driver.version: ChromeDriver&#10;remote stacktrace: Backtrace:&#10;	GetHandleVerifier [0x0119A813+48355]&#10;	(No symbol) [0x0112C4B1]&#10;	(No symbol) [0x01035358]&#10;	(No symbol) [0x010561AC]&#10;	(No symbol) [0x01051EF3]&#10;	(No symbol) [0x01050579]&#10;	(No symbol) [0x01080C55]&#10;	(No symbol) [0x0108093C]&#10;	(No symbol) [0x0107A536]&#10;	(No symbol) [0x010582DC]&#10;	(No symbol) [0x010593DD]&#10;	GetHandleVerifier [0x013FAABD+2539405]&#10;	GetHandleVerifier [0x0143A78F+2800735]&#10;	GetHandleVerifier [0x0143456C+2775612]&#10;	GetHandleVerifier [0x012251E0+616112]&#10;	(No symbol) [0x01135F8C]&#10;	(No symbol) [0x01132328]&#10;	(No symbol) [0x0113240B]&#10;	(No symbol) [0x01124FF7]&#10;	BaseThreadInitThunk [0x76707BA9+25]&#10;	RtlInitializeExceptionChain [0x7741B79B+107]&#10;	RtlClearBits [0x7741B71F+191]&#10;"/>
  </testcase>
  <testcase name="loginform" classname="com.vyasa.tests.DataDrivenTest" time="0">
    <skipped message="session not created: This version of ChromeDriver only supports Chrome version 114&#10;Current browser version is 118.0.5993.71 with binary path C:\Program Files\Google\Chrome\Application\chrome.exe&#10;Build info: version: &apos;3.141.59&apos;, revision: &apos;e82be7d358&apos;, time: &apos;2018-11-14T08:17:03&apos;&#10;System info: host: &apos;SURAJ-DB22&apos;, ip: &apos;192.168.1.188&apos;, os.name: &apos;Windows 11&apos;, os.arch: &apos;amd64&apos;, os.version: &apos;10.0&apos;, java.version: &apos;17.0.8&apos;&#10;Driver info: driver.version: ChromeDriver&#10;remote stacktrace: Backtrace:&#10;	GetHandleVerifier [0x0119A813+48355]&#10;	(No symbol) [0x0112C4B1]&#10;	(No symbol) [0x01035358]&#10;	(No symbol) [0x010561AC]&#10;	(No symbol) [0x01051EF3]&#10;	(No symbol) [0x01050579]&#10;	(No symbol) [0x01080C55]&#10;	(No symbol) [0x0108093C]&#10;	(No symbol) [0x0107A536]&#10;	(No symbol) [0x010582DC]&#10;	(No symbol) [0x010593DD]&#10;	GetHandleVerifier [0x013FAABD+2539405]&#10;	GetHandleVerifier [0x0143A78F+2800735]&#10;	GetHandleVerifier [0x0143456C+2775612]&#10;	GetHandleVerifier [0x012251E0+616112]&#10;	(No symbol) [0x01135F8C]&#10;	(No symbol) [0x01132328]&#10;	(No symbol) [0x0113240B]&#10;	(No symbol) [0x01124FF7]&#10;	BaseThreadInitThunk [0x76707BA9+25]&#10;	RtlInitializeExceptionChain [0x7741B79B+107]&#10;	RtlClearBits [0x7741B71F+191]&#10;"/>
  </testcase>
  <testcase name="loginform" classname="com.vyasa.tests.DataDrivenTest" time="0">
    <skipped message="session not created: This version of ChromeDriver only supports Chrome version 114&#10;Current browser version is 118.0.5993.71 with binary path C:\Program Files\Google\Chrome\Application\chrome.exe&#10;Build info: version: &apos;3.141.59&apos;, revision: &apos;e82be7d358&apos;, time: &apos;2018-11-14T08:17:03&apos;&#10;System info: host: &apos;SURAJ-DB22&apos;, ip: &apos;192.168.1.188&apos;, os.name: &apos;Windows 11&apos;, os.arch: &apos;amd64&apos;, os.version: &apos;10.0&apos;, java.version: &apos;17.0.8&apos;&#10;Driver info: driver.version: ChromeDriver&#10;remote stacktrace: Backtrace:&#10;	GetHandleVerifier [0x0119A813+48355]&#10;	(No symbol) [0x0112C4B1]&#10;	(No symbol) [0x01035358]&#10;	(No symbol) [0x010561AC]&#10;	(No symbol) [0x01051EF3]&#10;	(No symbol) [0x01050579]&#10;	(No symbol) [0x01080C55]&#10;	(No symbol) [0x0108093C]&#10;	(No symbol) [0x0107A536]&#10;	(No symbol) [0x010582DC]&#10;	(No symbol) [0x010593DD]&#10;	GetHandleVerifier [0x013FAABD+2539405]&#10;	GetHandleVerifier [0x0143A78F+2800735]&#10;	GetHandleVerifier [0x0143456C+2775612]&#10;	GetHandleVerifier [0x012251E0+616112]&#10;	(No symbol) [0x01135F8C]&#10;	(No symbol) [0x01132328]&#10;	(No symbol) [0x0113240B]&#10;	(No symbol) [0x01124FF7]&#10;	BaseThreadInitThunk [0x76707BA9+25]&#10;	RtlInitializeExceptionChain [0x7741B79B+107]&#10;	RtlClearBits [0x7741B71F+191]&#10;"/>
  </testcase>
  <testcase name="tearDown" classname="com.vyasa.tests.DataDrivenTest" time="0">
    <skipped/>
  </testcase>
  <testcase name="tearDown" classname="com.vyasa.tests.DataDrivenTest" time="0">
    <skipped/>
  </testcase>
  <testcase name="tearDown" classname="com.vyasa.tests.DataDrivenTest" time="0">
    <skipped/>
  </testcase>
  <testcase name="tearDown" classname="com.vyasa.tests.DataDrivenTest" time="0">
    <skipped/>
  </testcase>
  <testcase name="tearDown" classname="com.vyasa.tests.DataDrivenTest" time="0">
    <skipped/>
  </testcase>
  <testcase name="tearDown" classname="com.vyasa.tests.DataDrivenTest" time="0">
    <skipped/>
  </testcase>
  <testcase name="cleanup" classname="com.vyasa.tests.DataDrivenTest" time="0">
    <skipped/>
  </testcase>
  <testcase name="browserTeardown" classname="com.vyasa.tests.DataDrivenTest" time="0">
    <skipped/>
  </testcase>
  <testcase name="register" classname="com.vyasa.tests.HomePageTests" time="0">
    <skipped/>
  </testcase>
  <testcase name="register" classname="com.vyasa.tests.HomePageTests" time="0">
    <skipped/>
  </testcase>
  <testcase name="register" classname="com.vyasa.tests.HomePageTests" time="0">
    <skipped/>
  </testcase>
  <testcase name="register" classname="com.vyasa.tests.HomePageTests" time="0">
    <skipped/>
  </testcase>
  <testcase name="register" classname="com.vyasa.tests.HomePageTests" time="0">
    <skipped/>
  </testcase>
  <testcase name="Setup" classname="com.vyasa.tests.HomePageTests" time="0">
    <skipped/>
  </testcase>
  <testcase name="Setup" classname="com.vyasa.tests.HomePageTests" time="0">
    <skipped/>
  </testcase>
  <testcase name="Setup" classname="com.vyasa.tests.HomePageTests" time="0">
    <skipped/>
  </testcase>
  <testcase name="Setup" classname="com.vyasa.tests.HomePageTests" time="0">
    <skipped/>
  </testcase>
  <testcase name="Setup" classname="com.vyasa.tests.HomePageTests" time="0">
    <skipped/>
  </testcase>
  <testcase name="verifyHomePageTitle" classname="com.vyasa.tests.HomePageTests" time="0">
    <skipped message="session not created: This version of ChromeDriver only supports Chrome version 114&#10;Current browser version is 118.0.5993.71 with binary path C:\Program Files\Google\Chrome\Application\chrome.exe&#10;Build info: version: &apos;3.141.59&apos;, revision: &apos;e82be7d358&apos;, time: &apos;2018-11-14T08:17:03&apos;&#10;System info: host: &apos;SURAJ-DB22&apos;, ip: &apos;192.168.1.188&apos;, os.name: &apos;Windows 11&apos;, os.arch: &apos;amd64&apos;, os.version: &apos;10.0&apos;, java.version: &apos;17.0.8&apos;&#10;Driver info: driver.version: ChromeDriver&#10;remote stacktrace: Backtrace:&#10;	GetHandleVerifier [0x0119A813+48355]&#10;	(No symbol) [0x0112C4B1]&#10;	(No symbol) [0x01035358]&#10;	(No symbol) [0x010561AC]&#10;	(No symbol) [0x01051EF3]&#10;	(No symbol) [0x01050579]&#10;	(No symbol) [0x01080C55]&#10;	(No symbol) [0x0108093C]&#10;	(No symbol) [0x0107A536]&#10;	(No symbol) [0x010582DC]&#10;	(No symbol) [0x010593DD]&#10;	GetHandleVerifier [0x013FAABD+2539405]&#10;	GetHandleVerifier [0x0143A78F+2800735]&#10;	GetHandleVerifier [0x0143456C+2775612]&#10;	GetHandleVerifier [0x012251E0+616112]&#10;	(No symbol) [0x01135F8C]&#10;	(No symbol) [0x01132328]&#10;	(No symbol) [0x0113240B]&#10;	(No symbol) [0x01124FF7]&#10;	BaseThreadInitThunk [0x76707BA9+25]&#10;	RtlInitializeExceptionChain [0x7741B79B+107]&#10;	RtlClearBits [0x7741B71F+191]&#10;"/>
  </testcase>
  <testcase name="tearDown" classname="com.vyasa.tests.HomePageTests" time="0">
    <skipped/>
  </testcase>
  <testcase name="tearDown" classname="com.vyasa.tests.HomePageTests" time="0">
    <skipped/>
  </testcase>
  <testcase name="tearDown" classname="com.vyasa.tests.HomePageTests" time="0">
    <skipped/>
  </testcase>
  <testcase name="tearDown" classname="com.vyasa.tests.HomePageTests" time="0">
    <skipped/>
  </testcase>
  <testcase name="tearDown" classname="com.vyasa.tests.HomePageTests" time="0">
    <skipped/>
  </testcase>
  <testcase name="verifyNewArrivalsDisplayed" classname="com.vyasa.tests.HomePageTests" time="0">
    <skipped message="session not created: This version of ChromeDriver only supports Chrome version 114&#10;Current browser version is 118.0.5993.71 with binary path C:\Program Files\Google\Chrome\Application\chrome.exe&#10;Build info: version: &apos;3.141.59&apos;, revision: &apos;e82be7d358&apos;, time: &apos;2018-11-14T08:17:03&apos;&#10;System info: host: &apos;SURAJ-DB22&apos;, ip: &apos;192.168.1.188&apos;, os.name: &apos;Windows 11&apos;, os.arch: &apos;amd64&apos;, os.version: &apos;10.0&apos;, java.version: &apos;17.0.8&apos;&#10;Driver info: driver.version: ChromeDriver&#10;remote stacktrace: Backtrace:&#10;	GetHandleVerifier [0x0119A813+48355]&#10;	(No symbol) [0x0112C4B1]&#10;	(No symbol) [0x01035358]&#10;	(No symbol) [0x010561AC]&#10;	(No symbol) [0x01051EF3]&#10;	(No symbol) [0x01050579]&#10;	(No symbol) [0x01080C55]&#10;	(No symbol) [0x0108093C]&#10;	(No symbol) [0x0107A536]&#10;	(No symbol) [0x010582DC]&#10;	(No symbol) [0x010593DD]&#10;	GetHandleVerifier [0x013FAABD+2539405]&#10;	GetHandleVerifier [0x0143A78F+2800735]&#10;	GetHandleVerifier [0x0143456C+2775612]&#10;	GetHandleVerifier [0x012251E0+616112]&#10;	(No symbol) [0x01135F8C]&#10;	(No symbol) [0x01132328]&#10;	(No symbol) [0x0113240B]&#10;	(No symbol) [0x01124FF7]&#10;	BaseThreadInitThunk [0x76707BA9+25]&#10;	RtlInitializeExceptionChain [0x7741B79B+107]&#10;	RtlClearBits [0x7741B71F+191]&#10;"/>
  </testcase>
  <testcase name="verifyFirstBookTitle" classname="com.vyasa.tests.HomePageTests" time="0">
    <skipped message="session not created: This version of ChromeDriver only supports Chrome version 114&#10;Current browser version is 118.0.5993.71 with binary path C:\Program Files\Google\Chrome\Application\chrome.exe&#10;Build info: version: &apos;3.141.59&apos;, revision: &apos;e82be7d358&apos;, time: &apos;2018-11-14T08:17:03&apos;&#10;System info: host: &apos;SURAJ-DB22&apos;, ip: &apos;192.168.1.188&apos;, os.name: &apos;Windows 11&apos;, os.arch: &apos;amd64&apos;, os.version: &apos;10.0&apos;, java.version: &apos;17.0.8&apos;&#10;Driver info: driver.version: ChromeDriver&#10;remote stacktrace: Backtrace:&#10;	GetHandleVerifier [0x0119A813+48355]&#10;	(No symbol) [0x0112C4B1]&#10;	(No symbol) [0x01035358]&#10;	(No symbol) [0x010561AC]&#10;	(No symbol) [0x01051EF3]&#10;	(No symbol) [0x01050579]&#10;	(No symbol) [0x01080C55]&#10;	(No symbol) [0x0108093C]&#10;	(No symbol) [0x0107A536]&#10;	(No symbol) [0x010582DC]&#10;	(No symbol) [0x010593DD]&#10;	GetHandleVerifier [0x013FAABD+2539405]&#10;	GetHandleVerifier [0x0143A78F+2800735]&#10;	GetHandleVerifier [0x0143456C+2775612]&#10;	GetHandleVerifier [0x012251E0+616112]&#10;	(No symbol) [0x01135F8C]&#10;	(No symbol) [0x01132328]&#10;	(No symbol) [0x0113240B]&#10;	(No symbol) [0x01124FF7]&#10;	BaseThreadInitThunk [0x76707BA9+25]&#10;	RtlInitializeExceptionChain [0x7741B79B+107]&#10;	RtlClearBits [0x7741B71F+191]&#10;"/>
  </testcase>
  <testcase name="verifySecondBookTitle" classname="com.vyasa.tests.HomePageTests" time="0">
    <skipped message="session not created: This version of ChromeDriver only supports Chrome version 114&#10;Current browser version is 118.0.5993.71 with binary path C:\Program Files\Google\Chrome\Application\chrome.exe&#10;Build info: version: &apos;3.141.59&apos;, revision: &apos;e82be7d358&apos;, time: &apos;2018-11-14T08:17:03&apos;&#10;System info: host: &apos;SURAJ-DB22&apos;, ip: &apos;192.168.1.188&apos;, os.name: &apos;Windows 11&apos;, os.arch: &apos;amd64&apos;, os.version: &apos;10.0&apos;, java.version: &apos;17.0.8&apos;&#10;Driver info: driver.version: ChromeDriver&#10;remote stacktrace: Backtrace:&#10;	GetHandleVerifier [0x0119A813+48355]&#10;	(No symbol) [0x0112C4B1]&#10;	(No symbol) [0x01035358]&#10;	(No symbol) [0x010561AC]&#10;	(No symbol) [0x01051EF3]&#10;	(No symbol) [0x01050579]&#10;	(No symbol) [0x01080C55]&#10;	(No symbol) [0x0108093C]&#10;	(No symbol) [0x0107A536]&#10;	(No symbol) [0x010582DC]&#10;	(No symbol) [0x010593DD]&#10;	GetHandleVerifier [0x013FAABD+2539405]&#10;	GetHandleVerifier [0x0143A78F+2800735]&#10;	GetHandleVerifier [0x0143456C+2775612]&#10;	GetHandleVerifier [0x012251E0+616112]&#10;	(No symbol) [0x01135F8C]&#10;	(No symbol) [0x01132328]&#10;	(No symbol) [0x0113240B]&#10;	(No symbol) [0x01124FF7]&#10;	BaseThreadInitThunk [0x76707BA9+25]&#10;	RtlInitializeExceptionChain [0x7741B79B+107]&#10;	RtlClearBits [0x7741B71F+191]&#10;"/>
  </testcase>
  <testcase name="verifyThrirdBookTitle" classname="com.vyasa.tests.HomePageTests" time="0">
    <skipped message="session not created: This version of ChromeDriver only supports Chrome version 114&#10;Current browser version is 118.0.5993.71 with binary path C:\Program Files\Google\Chrome\Application\chrome.exe&#10;Build info: version: &apos;3.141.59&apos;, revision: &apos;e82be7d358&apos;, time: &apos;2018-11-14T08:17:03&apos;&#10;System info: host: &apos;SURAJ-DB22&apos;, ip: &apos;192.168.1.188&apos;, os.name: &apos;Windows 11&apos;, os.arch: &apos;amd64&apos;, os.version: &apos;10.0&apos;, java.version: &apos;17.0.8&apos;&#10;Driver info: driver.version: ChromeDriver&#10;remote stacktrace: Backtrace:&#10;	GetHandleVerifier [0x0119A813+48355]&#10;	(No symbol) [0x0112C4B1]&#10;	(No symbol) [0x01035358]&#10;	(No symbol) [0x010561AC]&#10;	(No symbol) [0x01051EF3]&#10;	(No symbol) [0x01050579]&#10;	(No symbol) [0x01080C55]&#10;	(No symbol) [0x0108093C]&#10;	(No symbol) [0x0107A536]&#10;	(No symbol) [0x010582DC]&#10;	(No symbol) [0x010593DD]&#10;	GetHandleVerifier [0x013FAABD+2539405]&#10;	GetHandleVerifier [0x0143A78F+2800735]&#10;	GetHandleVerifier [0x0143456C+2775612]&#10;	GetHandleVerifier [0x012251E0+616112]&#10;	(No symbol) [0x01135F8C]&#10;	(No symbol) [0x01132328]&#10;	(No symbol) [0x0113240B]&#10;	(No symbol) [0x01124FF7]&#10;	BaseThreadInitThunk [0x76707BA9+25]&#10;	RtlInitializeExceptionChain [0x7741B79B+107]&#10;	RtlClearBits [0x7741B71F+191]&#10;"/>
  </testcase>
  <testcase name="Setup" classname="com.vyasa.tests.MyAccountsPageTests" time="0">
    <skipped/>
  </testcase>
  <testcase name="register" classname="com.vyasa.tests.MyAccountsPageTests" time="0">
    <skipped/>
  </testcase>
  <testcase name="register" classname="com.vyasa.tests.MyAccountsPageTests" time="0">
    <skipped/>
  </testcase>
  <testcase name="verifyloginToMyAccount" classname="com.vyasa.tests.MyAccountsPageTests" time="0">
    <skipped message="session not created: This version of ChromeDriver only supports Chrome version 114&#10;Current browser version is 118.0.5993.71 with binary path C:\Program Files\Google\Chrome\Application\chrome.exe&#10;Build info: version: &apos;3.141.59&apos;, revision: &apos;e82be7d358&apos;, time: &apos;2018-11-14T08:17:03&apos;&#10;System info: host: &apos;SURAJ-DB22&apos;, ip: &apos;192.168.1.188&apos;, os.name: &apos;Windows 11&apos;, os.arch: &apos;amd64&apos;, os.version: &apos;10.0&apos;, java.version: &apos;17.0.8&apos;&#10;Driver info: driver.version: ChromeDriver&#10;remote stacktrace: Backtrace:&#10;	GetHandleVerifier [0x0119A813+48355]&#10;	(No symbol) [0x0112C4B1]&#10;	(No symbol) [0x01035358]&#10;	(No symbol) [0x010561AC]&#10;	(No symbol) [0x01051EF3]&#10;	(No symbol) [0x01050579]&#10;	(No symbol) [0x01080C55]&#10;	(No symbol) [0x0108093C]&#10;	(No symbol) [0x0107A536]&#10;	(No symbol) [0x010582DC]&#10;	(No symbol) [0x010593DD]&#10;	GetHandleVerifier [0x013FAABD+2539405]&#10;	GetHandleVerifier [0x0143A78F+2800735]&#10;	GetHandleVerifier [0x0143456C+2775612]&#10;	GetHandleVerifier [0x012251E0+616112]&#10;	(No symbol) [0x01135F8C]&#10;	(No symbol) [0x01132328]&#10;	(No symbol) [0x0113240B]&#10;	(No symbol) [0x01124FF7]&#10;	BaseThreadInitThunk [0x76707BA9+25]&#10;	RtlInitializeExceptionChain [0x7741B79B+107]&#10;	RtlClearBits [0x7741B71F+191]&#10;"/>
  </testcase>
  <testcase name="tearDown" classname="com.vyasa.tests.MyAccountsPageTests" time="0">
    <skipped/>
  </testcase>
  <testcase name="tearDown" classname="com.vyasa.tests.MyAccountsPageTests" time="0">
    <skipped/>
  </testcase>
  <testcase name="verfiyLogoutToMyAccount" classname="com.vyasa.tests.MyAccountsPageTests" time="0">
    <skipped message="session not created: This version of ChromeDriver only supports Chrome version 114&#10;Current browser version is 118.0.5993.71 with binary path C:\Program Files\Google\Chrome\Application\chrome.exe&#10;Build info: version: &apos;3.141.59&apos;, revision: &apos;e82be7d358&apos;, time: &apos;2018-11-14T08:17:03&apos;&#10;System info: host: &apos;SURAJ-DB22&apos;, ip: &apos;192.168.1.188&apos;, os.name: &apos;Windows 11&apos;, os.arch: &apos;amd64&apos;, os.version: &apos;10.0&apos;, java.version: &apos;17.0.8&apos;&#10;Driver info: driver.version: ChromeDriver&#10;remote stacktrace: Backtrace:&#10;	GetHandleVerifier [0x0119A813+48355]&#10;	(No symbol) [0x0112C4B1]&#10;	(No symbol) [0x01035358]&#10;	(No symbol) [0x010561AC]&#10;	(No symbol) [0x01051EF3]&#10;	(No symbol) [0x01050579]&#10;	(No symbol) [0x01080C55]&#10;	(No symbol) [0x0108093C]&#10;	(No symbol) [0x0107A536]&#10;	(No symbol) [0x010582DC]&#10;	(No symbol) [0x010593DD]&#10;	GetHandleVerifier [0x013FAABD+2539405]&#10;	GetHandleVerifier [0x0143A78F+2800735]&#10;	GetHandleVerifier [0x0143456C+2775612]&#10;	GetHandleVerifier [0x012251E0+616112]&#10;	(No symbol) [0x01135F8C]&#10;	(No symbol) [0x01132328]&#10;	(No symbol) [0x0113240B]&#10;	(No symbol) [0x01124FF7]&#10;	BaseThreadInitThunk [0x76707BA9+25]&#10;	RtlInitializeExceptionChain [0x7741B79B+107]&#10;	RtlClearBits [0x7741B71F+191]&#10;"/>
  </testcase>
</testsuite>