<?xml version="1.0" encoding="UTF-8"?>
<testng-results ignored="0" total="1" passed="1" failed="0" skipped="0">
  <reporter-output>
  </reporter-output>
  <suite started-at="2024-02-21T11:06:45 IST" name="Default suite" finished-at="2024-02-21T11:12:27 IST" duration-ms="341730">
    <groups>
    </groups>
    <test started-at="2024-02-21T11:06:45 IST" name="Default test" finished-at="2024-02-21T11:12:27 IST" duration-ms="341730">
      <class name="com.tests.LandingPagesAffiliateMarketingTest">
        <test-method is-config="true" signature="initDriver()[pri:0, instance:com.tests.LandingPagesAffiliateMarketingTest@6497b078]" started-at="2024-02-21T11:06:43 IST" name="initDriver" finished-at="2024-02-21T11:06:45 IST" duration-ms="2050" status="PASS">
          <reporter-output>
          </reporter-output>
        </test-method> <!-- initDriver -->
        <test-method is-config="true" signature="setupExtentEnv()[pri:0, instance:com.tests.LandingPagesAffiliateMarketingTest@6497b078]" started-at="2024-02-21T11:06:46 IST" name="setupExtentEnv" finished-at="2024-02-21T11:06:46 IST" duration-ms="118" status="PASS">
          <reporter-output>
          </reporter-output>
        </test-method> <!-- setupExtentEnv -->
        <test-method is-config="true" signature="register(java.lang.reflect.Method)[pri:0, instance:com.tests.LandingPagesAffiliateMarketingTest@6497b078]" started-at="2024-02-21T11:06:46 IST" name="register" finished-at="2024-02-21T11:06:46 IST" duration-ms="15" status="PASS">
          <params>
            <param index="0">
              <value>
                <![CDATA[public void com.tests.LandingPagesAffiliateMarketingTest.VerifyAffiliateMarketingLandingPages() throws java.lang.InterruptedException,java.io.IOException]]>
              </value>
            </param>
          </params>
          <reporter-output>
          </reporter-output>
        </test-method> <!-- register -->
        <test-method is-config="true" signature="Setup()[pri:0, instance:com.tests.LandingPagesAffiliateMarketingTest@6497b078]" started-at="2024-02-21T11:06:46 IST" name="Setup" finished-at="2024-02-21T11:06:46 IST" duration-ms="5" status="PASS">
          <reporter-output>
          </reporter-output>
        </test-method> <!-- Setup -->
        <test-method signature="VerifyAffiliateMarketingLandingPages()[pri:1, instance:com.tests.LandingPagesAffiliateMarketingTest@6497b078]" started-at="2024-02-21T11:06:46 IST" name="VerifyAffiliateMarketingLandingPages" finished-at="2024-02-21T11:12:27 IST" duration-ms="341072" status="PASS">
          <reporter-output>
          </reporter-output>
        </test-method> <!-- VerifyAffiliateMarketingLandingPages -->
        <test-method is-config="true" signature="tearDown(org.testng.ITestResult)[pri:0, instance:com.tests.LandingPagesAffiliateMarketingTest@6497b078]" started-at="2024-02-21T11:12:27 IST" name="tearDown" finished-at="2024-02-21T11:12:27 IST" duration-ms="9" status="PASS">
          <params>
            <param index="0">
              <value>
                <![CDATA[[TestResult name=VerifyAffiliateMarketingLandingPages status=SUCCESS method=LandingPagesAffiliateMarketingTest.VerifyAffiliateMarketingLandingPages()[pri:1, instance:com.tests.LandingPagesAffiliateMarketingTest@6497b078] output={null}]]]>
              </value>
            </param>
          </params>
          <reporter-output>
          </reporter-output>
        </test-method> <!-- tearDown -->
        <test-method is-config="true" signature="cleanup()[pri:0, instance:com.tests.LandingPagesAffiliateMarketingTest@6497b078]" started-at="2024-02-21T11:12:27 IST" name="cleanup" finished-at="2024-02-21T11:12:27 IST" duration-ms="446" status="PASS">
          <reporter-output>
          </reporter-output>
        </test-method> <!-- cleanup -->
        <test-method is-config="true" signature="browserTeardown()[pri:0, instance:com.tests.LandingPagesAffiliateMarketingTest@6497b078]" started-at="2024-02-21T11:12:27 IST" name="browserTeardown" finished-at="2024-02-21T11:12:27 IST" duration-ms="0" status="PASS">
          <reporter-output>
          </reporter-output>
        </test-method> <!-- browserTeardown -->
      </class> <!-- com.tests.LandingPagesAffiliateMarketingTest -->
    </test> <!-- Default test -->
  </suite> <!-- Default suite -->
</testng-results>
