<?xml version="1.0" encoding="UTF-8"?>
<!-- Generated by org.testng.reporters.JUnitReportReporter -->
<testsuite hostname="suraj-db22" failures="0" tests="2" name="com.vyasa.tests.MyAccountsPageTests" time="0.000" errors="0" timestamp="2023-10-13T18:12:18 IST" skipped="2">
  <testcase classname="com.vyasa.tests.MyAccountsPageTests" name="verifyloginToMyAccount" time="0.000">
    <skipped/>
  </testcase> <!-- verifyloginToMyAccount -->
  <system-out/>
  <testcase classname="com.vyasa.tests.MyAccountsPageTests" name="verfiyLogoutToMyAccount" time="0.000">
    <skipped/>
  </testcase> <!-- verfiyLogoutToMyAccount -->
  <system-out/>
</testsuite> <!-- com.vyasa.tests.MyAccountsPageTests -->
