<?xml version="1.0" encoding="UTF-8"?>
<!-- Generated by org.testng.reporters.JUnitReportReporter -->
<testsuite hostname="suraj-db22" failures="0" tests="5" name="com.vyasa.tests.HomePageTests" time="0.000" errors="0" timestamp="2023-10-13T18:12:18 IST" skipped="5">
  <testcase classname="com.vyasa.tests.HomePageTests" name="verifyHomePageTitle" time="0.000">
    <skipped/>
  </testcase> <!-- verifyHomePageTitle -->
  <system-out/>
  <testcase classname="com.vyasa.tests.HomePageTests" name="verifyNewArrivalsDisplayed" time="0.000">
    <skipped/>
  </testcase> <!-- verifyNewArrivalsDisplayed -->
  <system-out/>
  <testcase classname="com.vyasa.tests.HomePageTests" name="verifyFirstBookTitle" time="0.000">
    <skipped/>
  </testcase> <!-- verifyFirstBookTitle -->
  <system-out/>
  <testcase classname="com.vyasa.tests.HomePageTests" name="verifySecondBookTitle" time="0.000">
    <skipped/>
  </testcase> <!-- verifySecondBookTitle -->
  <system-out/>
  <testcase classname="com.vyasa.tests.HomePageTests" name="verifyThrirdBookTitle" time="0.000">
    <skipped/>
  </testcase> <!-- verifyThrirdBookTitle -->
  <system-out/>
</testsuite> <!-- com.vyasa.tests.HomePageTests -->
